c:\users\administrator\desktop\test\usart\debug\usart.pch
c:\users\administrator\desktop\test\usart\debug\vc142.pdb
c:\users\administrator\desktop\test\usart\debug\vc142.idb
c:\users\administrator\desktop\test\usart\debug\pch.obj
c:\users\administrator\desktop\test\usart\debug\usartdlg.obj
c:\users\administrator\desktop\test\usart\debug\usart.obj
c:\users\administrator\desktop\test\usart\debug\transer.obj
c:\users\administrator\desktop\test\usart\debug\serialport.obj
c:\users\administrator\desktop\test\usart\debug\usart.ilk
c:\users\administrator\desktop\test\usart\debug\usart.exe
c:\users\administrator\desktop\test\usart\debug\usart.pdb
c:\users\administrator\desktop\test\usart\debug\usart.res
c:\users\administrator\desktop\test\usart\debug\usart.tlog\cl.command.1.tlog
c:\users\administrator\desktop\test\usart\debug\usart.tlog\cl.read.1.tlog
c:\users\administrator\desktop\test\usart\debug\usart.tlog\cl.write.1.tlog
c:\users\administrator\desktop\test\usart\debug\usart.tlog\link.command.1.tlog
c:\users\administrator\desktop\test\usart\debug\usart.tlog\link.read.1.tlog
c:\users\administrator\desktop\test\usart\debug\usart.tlog\link.write.1.tlog
c:\users\administrator\desktop\test\usart\debug\usart.tlog\rc.command.1.tlog
c:\users\administrator\desktop\test\usart\debug\usart.tlog\rc.read.1.tlog
c:\users\administrator\desktop\test\usart\debug\usart.tlog\rc.write.1.tlog
